  [1m[35m (89.4ms)[0m  [1m[35mCREATE DATABASE "app_development" ENCODING = 'unicode'[0m
  ↳ /usr/local/bundle/ruby/2.6.0/bin/rake:23
  [1m[35m (96.6ms)[0m  [1m[35mCREATE DATABASE "app_test" ENCODING = 'unicode'[0m
  ↳ /usr/local/bundle/ruby/2.6.0/bin/rake:23
  [1m[35m (17.8ms)[0m  [1m[35mCREATE TABLE "schema_migrations" ("version" character varying NOT NULL PRIMARY KEY)[0m
  ↳ /usr/local/bundle/ruby/2.6.0/bin/rake:23
  [1m[35m (8.0ms)[0m  [1m[35mCREATE TABLE "ar_internal_metadata" ("key" character varying NOT NULL PRIMARY KEY, "value" character varying, "created_at" timestamp NOT NULL, "updated_at" timestamp NOT NULL)[0m
  ↳ /usr/local/bundle/ruby/2.6.0/bin/rake:23
  [1m[35m (0.4ms)[0m  [1m[34mSELECT pg_try_advisory_lock(5277929974492897470)[0m
  ↳ /usr/local/bundle/ruby/2.6.0/bin/rake:23
  [1m[35m (0.7ms)[0m  [1m[34mSELECT "schema_migrations"."version" FROM "schema_migrations" ORDER BY "schema_migrations"."version" ASC[0m
  ↳ /usr/local/bundle/ruby/2.6.0/bin/rake:23
Migrating to CreateOrder (20210323212655)
  [1m[35m (0.4ms)[0m  [1m[34mSELECT pg_advisory_unlock(5277929974492897470)[0m
  ↳ /usr/local/bundle/ruby/2.6.0/bin/rake:23
  [1m[35m (0.3ms)[0m  [1m[34mSELECT pg_try_advisory_lock(5277929974492897470)[0m
  ↳ /usr/local/bundle/ruby/2.6.0/bin/rake:23
  [1m[35m (0.6ms)[0m  [1m[34mSELECT "schema_migrations"."version" FROM "schema_migrations" ORDER BY "schema_migrations"."version" ASC[0m
  ↳ /usr/local/bundle/ruby/2.6.0/bin/rake:23
Migrating to CreateOrder (20210323212655)
  [1m[35m (0.4ms)[0m  [1m[34mSELECT pg_advisory_unlock(5277929974492897470)[0m
  ↳ /usr/local/bundle/ruby/2.6.0/bin/rake:23
  [1m[35m (0.5ms)[0m  [1m[34mSELECT pg_try_advisory_lock(5277929974492897470)[0m
  ↳ /usr/local/bundle/ruby/2.6.0/bin/rake:23
  [1m[35m (0.7ms)[0m  [1m[34mSELECT "schema_migrations"."version" FROM "schema_migrations" ORDER BY "schema_migrations"."version" ASC[0m
  ↳ /usr/local/bundle/ruby/2.6.0/bin/rake:23
Migrating to CreateOrder (20210323212655)
  [1m[35m (2.3ms)[0m  [1m[35mBEGIN[0m
  ↳ /usr/local/bundle/ruby/2.6.0/bin/rake:23
  [1m[35m (20.5ms)[0m  [1m[35mCREATE TABLE "orders" ("id" bigserial primary key, "identifier" character varying, "total" decimal, "status" character varying)[0m
  ↳ db/migrate/20210323212655_create_order.rb:3
  [1m[36mActiveRecord::SchemaMigration Create (0.5ms)[0m  [1m[32mINSERT INTO "schema_migrations" ("version") VALUES ($1) RETURNING "version"[0m  [["version", "20210323212655"]]
  ↳ /usr/local/bundle/ruby/2.6.0/bin/rake:23
  [1m[35m (1.6ms)[0m  [1m[35mCOMMIT[0m
  ↳ /usr/local/bundle/ruby/2.6.0/bin/rake:23
  [1m[36mActiveRecord::InternalMetadata Load (2.5ms)[0m  [1m[34mSELECT  "ar_internal_metadata".* FROM "ar_internal_metadata" WHERE "ar_internal_metadata"."key" = $1 LIMIT $2[0m  [["key", "environment"], ["LIMIT", 1]]
  ↳ /usr/local/bundle/ruby/2.6.0/bin/rake:23
  [1m[35m (0.2ms)[0m  [1m[35mBEGIN[0m
  ↳ /usr/local/bundle/ruby/2.6.0/bin/rake:23
  [1m[36mActiveRecord::InternalMetadata Create (0.5ms)[0m  [1m[32mINSERT INTO "ar_internal_metadata" ("key", "value", "created_at", "updated_at") VALUES ($1, $2, $3, $4) RETURNING "key"[0m  [["key", "environment"], ["value", "development"], ["created_at", "2021-03-23 21:44:41.035017"], ["updated_at", "2021-03-23 21:44:41.035017"]]
  ↳ /usr/local/bundle/ruby/2.6.0/bin/rake:23
  [1m[35m (1.2ms)[0m  [1m[35mCOMMIT[0m
  ↳ /usr/local/bundle/ruby/2.6.0/bin/rake:23
  [1m[35m (0.3ms)[0m  [1m[34mSELECT pg_advisory_unlock(5277929974492897470)[0m
  ↳ /usr/local/bundle/ruby/2.6.0/bin/rake:23
  [1m[35m (0.4ms)[0m  [1m[34mSELECT "schema_migrations"."version" FROM "schema_migrations" ORDER BY "schema_migrations"."version" ASC[0m
  ↳ /usr/local/bundle/ruby/2.6.0/bin/rake:23
  [1m[35m (154.3ms)[0m  [1m[35mCREATE DATABASE "app_development" ENCODING = 'unicode'[0m
  ↳ /usr/local/bundle/ruby/2.6.0/bin/rake:23
  [1m[35m (169.7ms)[0m  [1m[35mCREATE DATABASE "app_test" ENCODING = 'unicode'[0m
  ↳ /usr/local/bundle/ruby/2.6.0/bin/rake:23
  [1m[35mSQL (4.2ms)[0m  [1m[35mCREATE EXTENSION IF NOT EXISTS "plpgsql"[0m
  ↳ db/schema.rb:16
  [1m[35m (0.3ms)[0m  [1m[35mDROP TABLE IF EXISTS "orders" CASCADE[0m
  ↳ db/schema.rb:18
  [1m[35m (17.2ms)[0m  [1m[35mCREATE TABLE "orders" ("id" bigserial primary key, "identifier" character varying, "total" decimal, "status" character varying)[0m
  ↳ db/schema.rb:18
  [1m[35m (14.8ms)[0m  [1m[35mCREATE TABLE "schema_migrations" ("version" character varying NOT NULL PRIMARY KEY)[0m
  ↳ db/schema.rb:13
  [1m[35m (0.5ms)[0m  [1m[34mSELECT "schema_migrations"."version" FROM "schema_migrations" ORDER BY "schema_migrations"."version" ASC[0m
  ↳ db/schema.rb:13
  [1m[35m (1.1ms)[0m  [1m[32mINSERT INTO "schema_migrations" (version) VALUES (20210323212655)[0m
  ↳ db/schema.rb:13
  [1m[35m (17.8ms)[0m  [1m[35mCREATE TABLE "ar_internal_metadata" ("key" character varying NOT NULL PRIMARY KEY, "value" character varying, "created_at" timestamp NOT NULL, "updated_at" timestamp NOT NULL)[0m
  ↳ db/schema.rb:13
  [1m[36mActiveRecord::InternalMetadata Load (0.5ms)[0m  [1m[34mSELECT  "ar_internal_metadata".* FROM "ar_internal_metadata" WHERE "ar_internal_metadata"."key" = $1 LIMIT $2[0m  [["key", "environment"], ["LIMIT", 1]]
  ↳ db/schema.rb:13
  [1m[35m (0.2ms)[0m  [1m[35mBEGIN[0m
  ↳ db/schema.rb:13
  [1m[36mActiveRecord::InternalMetadata Create (1.0ms)[0m  [1m[32mINSERT INTO "ar_internal_metadata" ("key", "value", "created_at", "updated_at") VALUES ($1, $2, $3, $4) RETURNING "key"[0m  [["key", "environment"], ["value", "development"], ["created_at", "2021-03-24 14:25:36.876028"], ["updated_at", "2021-03-24 14:25:36.876028"]]
  ↳ db/schema.rb:13
  [1m[35m (0.9ms)[0m  [1m[35mCOMMIT[0m
  ↳ db/schema.rb:13
  [1m[36mActiveRecord::InternalMetadata Load (0.6ms)[0m  [1m[34mSELECT  "ar_internal_metadata".* FROM "ar_internal_metadata" WHERE "ar_internal_metadata"."key" = $1 LIMIT $2[0m  [["key", "environment"], ["LIMIT", 1]]
  ↳ /usr/local/bundle/ruby/2.6.0/bin/rake:23
  [1m[35m (2.2ms)[0m  [1m[35mBEGIN[0m
  ↳ /usr/local/bundle/ruby/2.6.0/bin/rake:23
  [1m[35m (0.3ms)[0m  [1m[35mCOMMIT[0m
  ↳ /usr/local/bundle/ruby/2.6.0/bin/rake:23
  [1m[35mSQL (0.3ms)[0m  [1m[35mCREATE EXTENSION IF NOT EXISTS "plpgsql"[0m
  ↳ db/schema.rb:16
  [1m[35m (0.3ms)[0m  [1m[35mDROP TABLE IF EXISTS "orders" CASCADE[0m
  ↳ db/schema.rb:18
  [1m[35m (12.7ms)[0m  [1m[35mCREATE TABLE "orders" ("id" bigserial primary key, "identifier" character varying, "total" decimal, "status" character varying)[0m
  ↳ db/schema.rb:18
  [1m[35m (10.7ms)[0m  [1m[35mCREATE TABLE "schema_migrations" ("version" character varying NOT NULL PRIMARY KEY)[0m
  ↳ db/schema.rb:13
  [1m[35m (1.1ms)[0m  [1m[34mSELECT "schema_migrations"."version" FROM "schema_migrations" ORDER BY "schema_migrations"."version" ASC[0m
  ↳ db/schema.rb:13
  [1m[35m (1.4ms)[0m  [1m[32mINSERT INTO "schema_migrations" (version) VALUES (20210323212655)[0m
  ↳ db/schema.rb:13
  [1m[35m (9.7ms)[0m  [1m[35mCREATE TABLE "ar_internal_metadata" ("key" character varying NOT NULL PRIMARY KEY, "value" character varying, "created_at" timestamp NOT NULL, "updated_at" timestamp NOT NULL)[0m
  ↳ db/schema.rb:13
  [1m[36mActiveRecord::InternalMetadata Load (0.4ms)[0m  [1m[34mSELECT  "ar_internal_metadata".* FROM "ar_internal_metadata" WHERE "ar_internal_metadata"."key" = $1 LIMIT $2[0m  [["key", "environment"], ["LIMIT", 1]]
  ↳ db/schema.rb:13
  [1m[35m (0.3ms)[0m  [1m[35mBEGIN[0m
  ↳ db/schema.rb:13
  [1m[36mActiveRecord::InternalMetadata Create (1.3ms)[0m  [1m[32mINSERT INTO "ar_internal_metadata" ("key", "value", "created_at", "updated_at") VALUES ($1, $2, $3, $4) RETURNING "key"[0m  [["key", "environment"], ["value", "development"], ["created_at", "2021-03-24 14:25:36.955077"], ["updated_at", "2021-03-24 14:25:36.955077"]]
  ↳ db/schema.rb:13
  [1m[35m (1.3ms)[0m  [1m[35mCOMMIT[0m
  ↳ db/schema.rb:13
  [1m[36mActiveRecord::InternalMetadata Load (0.3ms)[0m  [1m[34mSELECT  "ar_internal_metadata".* FROM "ar_internal_metadata" WHERE "ar_internal_metadata"."key" = $1 LIMIT $2[0m  [["key", "environment"], ["LIMIT", 1]]
  ↳ /usr/local/bundle/ruby/2.6.0/bin/rake:23
  [1m[35m (0.3ms)[0m  [1m[35mBEGIN[0m
  ↳ /usr/local/bundle/ruby/2.6.0/bin/rake:23
  [1m[36mActiveRecord::InternalMetadata Update (0.8ms)[0m  [1m[33mUPDATE "ar_internal_metadata" SET "value" = $1, "updated_at" = $2 WHERE "ar_internal_metadata"."key" = $3[0m  [["value", "test"], ["updated_at", "2021-03-24 14:25:36.962302"], ["key", "environment"]]
  ↳ /usr/local/bundle/ruby/2.6.0/bin/rake:23
  [1m[35m (1.4ms)[0m  [1m[35mCOMMIT[0m
  ↳ /usr/local/bundle/ruby/2.6.0/bin/rake:23
  [1m[35m (0.7ms)[0m  [1m[34mSELECT "schema_migrations"."version" FROM "schema_migrations" ORDER BY "schema_migrations"."version" ASC[0m
  ↳ /usr/local/bundle/ruby/2.6.0/bin/rake:23
Started GET "/admin" for 172.19.0.1 at 2021-03-24 14:26:12 +0000
  [1m[35m (0.7ms)[0m  [1m[34mSELECT "schema_migrations"."version" FROM "schema_migrations" ORDER BY "schema_migrations"."version" ASC[0m
  ↳ /usr/local/bundle/ruby/2.6.0/gems/activerecord-5.2.4.5/lib/active_record/log_subscriber.rb:98
  
ActionController::RoutingError (No route matches [GET] "/admin"):
  
actionpack (5.2.4.5) lib/action_dispatch/middleware/debug_exceptions.rb:65:in `call'
actionpack (5.2.4.5) lib/action_dispatch/middleware/show_exceptions.rb:33:in `call'
railties (5.2.4.5) lib/rails/rack/logger.rb:38:in `call_app'
railties (5.2.4.5) lib/rails/rack/logger.rb:26:in `block in call'
activesupport (5.2.4.5) lib/active_support/tagged_logging.rb:71:in `block in tagged'
activesupport (5.2.4.5) lib/active_support/tagged_logging.rb:28:in `tagged'
activesupport (5.2.4.5) lib/active_support/tagged_logging.rb:71:in `tagged'
railties (5.2.4.5) lib/rails/rack/logger.rb:26:in `call'
sprockets-rails (3.2.2) lib/sprockets/rails/quiet_assets.rb:13:in `call'
actionpack (5.2.4.5) lib/action_dispatch/middleware/remote_ip.rb:81:in `call'
actionpack (5.2.4.5) lib/action_dispatch/middleware/request_id.rb:27:in `call'
rack (2.2.3) lib/rack/method_override.rb:24:in `call'
rack (2.2.3) lib/rack/runtime.rb:22:in `call'
activesupport (5.2.4.5) lib/active_support/cache/strategy/local_cache_middleware.rb:29:in `call'
actionpack (5.2.4.5) lib/action_dispatch/middleware/executor.rb:14:in `call'
actionpack (5.2.4.5) lib/action_dispatch/middleware/static.rb:127:in `call'
rack (2.2.3) lib/rack/sendfile.rb:110:in `call'
railties (5.2.4.5) lib/rails/engine.rb:524:in `call'
puma (3.12.6) lib/puma/configuration.rb:227:in `call'
puma (3.12.6) lib/puma/server.rb:706:in `handle_request'
puma (3.12.6) lib/puma/server.rb:476:in `process_client'
puma (3.12.6) lib/puma/server.rb:334:in `block in run'
puma (3.12.6) lib/puma/thread_pool.rb:135:in `block in spawn_thread'
  [1m[35m (0.2ms)[0m  [1m[35mBEGIN[0m
  ↳ lib/tasks/order.rake:5
  [1m[36mOrder Create (1.4ms)[0m  [1m[32mINSERT INTO "orders" ("identifier", "total", "status") VALUES ($1, $2, $3) RETURNING "id"[0m  [["identifier", "O-001-00000001"], ["total", "100.0"], ["status", "paid"]]
  ↳ lib/tasks/order.rake:5
  [1m[35m (5.4ms)[0m  [1m[31mROLLBACK[0m
  ↳ lib/tasks/order.rake:5
  [1m[35m (0.3ms)[0m  [1m[35mBEGIN[0m
  ↳ lib/tasks/order.rake:5
  [1m[36mOrder Create (0.7ms)[0m  [1m[32mINSERT INTO "orders" ("identifier", "total", "status") VALUES ($1, $2, $3) RETURNING "id"[0m  [["identifier", "O-001-00000001"], ["total", "100.0"], ["status", "paid"]]
  ↳ lib/tasks/order.rake:5
  [1m[35m (0.5ms)[0m  [1m[31mROLLBACK[0m
  ↳ lib/tasks/order.rake:5
  [1m[35m (0.3ms)[0m  [1m[35mBEGIN[0m
  ↳ lib/tasks/order.rake:5
  [1m[36mOrder Create (0.8ms)[0m  [1m[32mINSERT INTO "orders" ("identifier", "total", "status") VALUES ($1, $2, $3) RETURNING "id"[0m  [["identifier", "O-001-00000001"], ["total", "100.0"], ["status", "paid"]]
  ↳ lib/tasks/order.rake:5
  [1m[35m (0.6ms)[0m  [1m[31mROLLBACK[0m
  ↳ lib/tasks/order.rake:5
  [1m[35m (0.2ms)[0m  [1m[35mBEGIN[0m
  ↳ lib/tasks/order.rake:5
  [1m[36mOrder Create (0.8ms)[0m  [1m[32mINSERT INTO "orders" ("identifier", "total", "status") VALUES ($1, $2, $3) RETURNING "id"[0m  [["identifier", "O-001-00000001"], ["total", "100.0"], ["status", "paid"]]
  ↳ lib/tasks/order.rake:5
  [1m[35m (0.3ms)[0m  [1m[31mROLLBACK[0m
  ↳ lib/tasks/order.rake:5
  [1m[35m (116.2ms)[0m  [1m[35mCREATE DATABASE "app_development" ENCODING = 'unicode'[0m
  ↳ /usr/local/bundle/ruby/2.6.0/bin/rake:23
  [1m[35m (184.1ms)[0m  [1m[35mCREATE DATABASE "app_test" ENCODING = 'unicode'[0m
  ↳ /usr/local/bundle/ruby/2.6.0/bin/rake:23
  [1m[35mSQL (0.4ms)[0m  [1m[35mCREATE EXTENSION IF NOT EXISTS "plpgsql"[0m
  ↳ db/schema.rb:16
  [1m[35m (0.3ms)[0m  [1m[35mDROP TABLE IF EXISTS "orders" CASCADE[0m
  ↳ db/schema.rb:18
  [1m[35m (32.7ms)[0m  [1m[35mCREATE TABLE "orders" ("id" bigserial primary key, "identifier" character varying, "total" decimal, "status" character varying)[0m
  ↳ db/schema.rb:18
  [1m[35m (18.7ms)[0m  [1m[35mCREATE TABLE "schema_migrations" ("version" character varying NOT NULL PRIMARY KEY)[0m
  ↳ db/schema.rb:13
  [1m[35m (0.6ms)[0m  [1m[34mSELECT "schema_migrations"."version" FROM "schema_migrations" ORDER BY "schema_migrations"."version" ASC[0m
  ↳ db/schema.rb:13
  [1m[35m (1.3ms)[0m  [1m[32mINSERT INTO "schema_migrations" (version) VALUES (20210323212655)[0m
  ↳ db/schema.rb:13
  [1m[35m (31.3ms)[0m  [1m[35mCREATE TABLE "ar_internal_metadata" ("key" character varying NOT NULL PRIMARY KEY, "value" character varying, "created_at" timestamp NOT NULL, "updated_at" timestamp NOT NULL)[0m
  ↳ db/schema.rb:13
  [1m[36mActiveRecord::InternalMetadata Load (0.4ms)[0m  [1m[34mSELECT  "ar_internal_metadata".* FROM "ar_internal_metadata" WHERE "ar_internal_metadata"."key" = $1 LIMIT $2[0m  [["key", "environment"], ["LIMIT", 1]]
  ↳ db/schema.rb:13
  [1m[35m (0.2ms)[0m  [1m[35mBEGIN[0m
  ↳ db/schema.rb:13
  [1m[36mActiveRecord::InternalMetadata Create (0.8ms)[0m  [1m[32mINSERT INTO "ar_internal_metadata" ("key", "value", "created_at", "updated_at") VALUES ($1, $2, $3, $4) RETURNING "key"[0m  [["key", "environment"], ["value", "development"], ["created_at", "2021-03-24 15:19:43.346889"], ["updated_at", "2021-03-24 15:19:43.346889"]]
  ↳ db/schema.rb:13
  [1m[35m (1.1ms)[0m  [1m[35mCOMMIT[0m
  ↳ db/schema.rb:13
  [1m[36mActiveRecord::InternalMetadata Load (0.2ms)[0m  [1m[34mSELECT  "ar_internal_metadata".* FROM "ar_internal_metadata" WHERE "ar_internal_metadata"."key" = $1 LIMIT $2[0m  [["key", "environment"], ["LIMIT", 1]]
  ↳ /usr/local/bundle/ruby/2.6.0/bin/rake:23
  [1m[35m (1.2ms)[0m  [1m[35mBEGIN[0m
  ↳ /usr/local/bundle/ruby/2.6.0/bin/rake:23
  [1m[35m (0.2ms)[0m  [1m[35mCOMMIT[0m
  ↳ /usr/local/bundle/ruby/2.6.0/bin/rake:23
  [1m[35mSQL (0.3ms)[0m  [1m[35mCREATE EXTENSION IF NOT EXISTS "plpgsql"[0m
  ↳ db/schema.rb:16
  [1m[35m (0.3ms)[0m  [1m[35mDROP TABLE IF EXISTS "orders" CASCADE[0m
  ↳ db/schema.rb:18
  [1m[35m (19.3ms)[0m  [1m[35mCREATE TABLE "orders" ("id" bigserial primary key, "identifier" character varying, "total" decimal, "status" character varying)[0m
  ↳ db/schema.rb:18
  [1m[35m (20.2ms)[0m  [1m[35mCREATE TABLE "schema_migrations" ("version" character varying NOT NULL PRIMARY KEY)[0m
  ↳ db/schema.rb:13
  [1m[35m (0.9ms)[0m  [1m[34mSELECT "schema_migrations"."version" FROM "schema_migrations" ORDER BY "schema_migrations"."version" ASC[0m
  ↳ db/schema.rb:13
  [1m[35m (4.0ms)[0m  [1m[32mINSERT INTO "schema_migrations" (version) VALUES (20210323212655)[0m
  ↳ db/schema.rb:13
  [1m[35m (16.2ms)[0m  [1m[35mCREATE TABLE "ar_internal_metadata" ("key" character varying NOT NULL PRIMARY KEY, "value" character varying, "created_at" timestamp NOT NULL, "updated_at" timestamp NOT NULL)[0m
  ↳ db/schema.rb:13
  [1m[36mActiveRecord::InternalMetadata Load (1.8ms)[0m  [1m[34mSELECT  "ar_internal_metadata".* FROM "ar_internal_metadata" WHERE "ar_internal_metadata"."key" = $1 LIMIT $2[0m  [["key", "environment"], ["LIMIT", 1]]
  ↳ db/schema.rb:13
  [1m[35m (1.1ms)[0m  [1m[35mBEGIN[0m
  ↳ db/schema.rb:13
  [1m[36mActiveRecord::InternalMetadata Create (0.8ms)[0m  [1m[32mINSERT INTO "ar_internal_metadata" ("key", "value", "created_at", "updated_at") VALUES ($1, $2, $3, $4) RETURNING "key"[0m  [["key", "environment"], ["value", "development"], ["created_at", "2021-03-24 15:19:43.450838"], ["updated_at", "2021-03-24 15:19:43.450838"]]
  ↳ db/schema.rb:13
  [1m[35m (3.6ms)[0m  [1m[35mCOMMIT[0m
  ↳ db/schema.rb:13
  [1m[36mActiveRecord::InternalMetadata Load (0.3ms)[0m  [1m[34mSELECT  "ar_internal_metadata".* FROM "ar_internal_metadata" WHERE "ar_internal_metadata"."key" = $1 LIMIT $2[0m  [["key", "environment"], ["LIMIT", 1]]
  ↳ /usr/local/bundle/ruby/2.6.0/bin/rake:23
  [1m[35m (0.5ms)[0m  [1m[35mBEGIN[0m
  ↳ /usr/local/bundle/ruby/2.6.0/bin/rake:23
  [1m[36mActiveRecord::InternalMetadata Update (0.4ms)[0m  [1m[33mUPDATE "ar_internal_metadata" SET "value" = $1, "updated_at" = $2 WHERE "ar_internal_metadata"."key" = $3[0m  [["value", "test"], ["updated_at", "2021-03-24 15:19:43.459723"], ["key", "environment"]]
  ↳ /usr/local/bundle/ruby/2.6.0/bin/rake:23
  [1m[35m (3.6ms)[0m  [1m[35mCOMMIT[0m
  ↳ /usr/local/bundle/ruby/2.6.0/bin/rake:23
  [1m[35m (0.5ms)[0m  [1m[34mSELECT "schema_migrations"."version" FROM "schema_migrations" ORDER BY "schema_migrations"."version" ASC[0m
  ↳ /usr/local/bundle/ruby/2.6.0/bin/rake:23
  [1m[35m (0.3ms)[0m  [1m[35mBEGIN[0m
  ↳ lib/tasks/order.rake:5
  [1m[36mOrder Create (0.8ms)[0m  [1m[32mINSERT INTO "orders" ("identifier", "total", "status") VALUES ($1, $2, $3) RETURNING "id"[0m  [["identifier", "O-001-00000001"], ["total", "100.0"], ["status", "paid"]]
  ↳ lib/tasks/order.rake:5
  [1m[35m (0.6ms)[0m  [1m[31mROLLBACK[0m
  ↳ lib/tasks/order.rake:5
  [1m[35m (0.2ms)[0m  [1m[35mBEGIN[0m
  ↳ lib/tasks/order.rake:5
  [1m[36mOrder Create (1.0ms)[0m  [1m[32mINSERT INTO "orders" ("identifier", "total", "status") VALUES ($1, $2, $3) RETURNING "id"[0m  [["identifier", "O-001-00000001"], ["total", "100.0"], ["status", "paid"]]
  ↳ lib/tasks/order.rake:5
  [1m[35m (0.6ms)[0m  [1m[31mROLLBACK[0m
  ↳ lib/tasks/order.rake:5
  [1m[35m (116.8ms)[0m  [1m[35mCREATE DATABASE "app_development" ENCODING = 'unicode'[0m
  ↳ /usr/local/bundle/ruby/2.6.0/bin/rake:23
  [1m[35m (104.9ms)[0m  [1m[35mCREATE DATABASE "app_test" ENCODING = 'unicode'[0m
  ↳ /usr/local/bundle/ruby/2.6.0/bin/rake:23
  [1m[35mSQL (0.3ms)[0m  [1m[35mCREATE EXTENSION IF NOT EXISTS "plpgsql"[0m
  ↳ db/schema.rb:16
  [1m[35m (0.2ms)[0m  [1m[35mDROP TABLE IF EXISTS "orders" CASCADE[0m
  ↳ db/schema.rb:18
  [1m[35m (19.4ms)[0m  [1m[35mCREATE TABLE "orders" ("id" bigserial primary key, "identifier" character varying, "total" decimal, "status" character varying)[0m
  ↳ db/schema.rb:18
  [1m[35m (11.5ms)[0m  [1m[35mCREATE TABLE "schema_migrations" ("version" character varying NOT NULL PRIMARY KEY)[0m
  ↳ db/schema.rb:13
  [1m[35m (0.6ms)[0m  [1m[34mSELECT "schema_migrations"."version" FROM "schema_migrations" ORDER BY "schema_migrations"."version" ASC[0m
  ↳ db/schema.rb:13
  [1m[35m (5.6ms)[0m  [1m[32mINSERT INTO "schema_migrations" (version) VALUES (20210323212655)[0m
  ↳ db/schema.rb:13
  [1m[35m (9.1ms)[0m  [1m[35mCREATE TABLE "ar_internal_metadata" ("key" character varying NOT NULL PRIMARY KEY, "value" character varying, "created_at" timestamp NOT NULL, "updated_at" timestamp NOT NULL)[0m
  ↳ db/schema.rb:13
  [1m[36mActiveRecord::InternalMetadata Load (0.5ms)[0m  [1m[34mSELECT  "ar_internal_metadata".* FROM "ar_internal_metadata" WHERE "ar_internal_metadata"."key" = $1 LIMIT $2[0m  [["key", "environment"], ["LIMIT", 1]]
  ↳ db/schema.rb:13
  [1m[35m (0.4ms)[0m  [1m[35mBEGIN[0m
  ↳ db/schema.rb:13
  [1m[36mActiveRecord::InternalMetadata Create (0.8ms)[0m  [1m[32mINSERT INTO "ar_internal_metadata" ("key", "value", "created_at", "updated_at") VALUES ($1, $2, $3, $4) RETURNING "key"[0m  [["key", "environment"], ["value", "development"], ["created_at", "2021-03-24 15:29:53.425537"], ["updated_at", "2021-03-24 15:29:53.425537"]]
  ↳ db/schema.rb:13
  [1m[35m (3.1ms)[0m  [1m[35mCOMMIT[0m
  ↳ db/schema.rb:13
  [1m[36mActiveRecord::InternalMetadata Load (0.3ms)[0m  [1m[34mSELECT  "ar_internal_metadata".* FROM "ar_internal_metadata" WHERE "ar_internal_metadata"."key" = $1 LIMIT $2[0m  [["key", "environment"], ["LIMIT", 1]]
  ↳ /usr/local/bundle/ruby/2.6.0/bin/rake:23
  [1m[35m (1.5ms)[0m  [1m[35mBEGIN[0m
  ↳ /usr/local/bundle/ruby/2.6.0/bin/rake:23
  [1m[35m (0.2ms)[0m  [1m[35mCOMMIT[0m
  ↳ /usr/local/bundle/ruby/2.6.0/bin/rake:23
  [1m[35mSQL (0.4ms)[0m  [1m[35mCREATE EXTENSION IF NOT EXISTS "plpgsql"[0m
  ↳ db/schema.rb:16
  [1m[35m (0.4ms)[0m  [1m[35mDROP TABLE IF EXISTS "orders" CASCADE[0m
  ↳ db/schema.rb:18
  [1m[35m (19.2ms)[0m  [1m[35mCREATE TABLE "orders" ("id" bigserial primary key, "identifier" character varying, "total" decimal, "status" character varying)[0m
  ↳ db/schema.rb:18
  [1m[35m (13.5ms)[0m  [1m[35mCREATE TABLE "schema_migrations" ("version" character varying NOT NULL PRIMARY KEY)[0m
  ↳ db/schema.rb:13
  [1m[35m (0.8ms)[0m  [1m[34mSELECT "schema_migrations"."version" FROM "schema_migrations" ORDER BY "schema_migrations"."version" ASC[0m
  ↳ db/schema.rb:13
  [1m[35m (1.4ms)[0m  [1m[32mINSERT INTO "schema_migrations" (version) VALUES (20210323212655)[0m
  ↳ db/schema.rb:13
  [1m[35m (13.3ms)[0m  [1m[35mCREATE TABLE "ar_internal_metadata" ("key" character varying NOT NULL PRIMARY KEY, "value" character varying, "created_at" timestamp NOT NULL, "updated_at" timestamp NOT NULL)[0m
  ↳ db/schema.rb:13
  [1m[36mActiveRecord::InternalMetadata Load (0.3ms)[0m  [1m[34mSELECT  "ar_internal_metadata".* FROM "ar_internal_metadata" WHERE "ar_internal_metadata"."key" = $1 LIMIT $2[0m  [["key", "environment"], ["LIMIT", 1]]
  ↳ db/schema.rb:13
  [1m[35m (0.3ms)[0m  [1m[35mBEGIN[0m
  ↳ db/schema.rb:13
  [1m[36mActiveRecord::InternalMetadata Create (0.9ms)[0m  [1m[32mINSERT INTO "ar_internal_metadata" ("key", "value", "created_at", "updated_at") VALUES ($1, $2, $3, $4) RETURNING "key"[0m  [["key", "environment"], ["value", "development"], ["created_at", "2021-03-24 15:29:53.520428"], ["updated_at", "2021-03-24 15:29:53.520428"]]
  ↳ db/schema.rb:13
  [1m[35m (1.3ms)[0m  [1m[35mCOMMIT[0m
  ↳ db/schema.rb:13
  [1m[36mActiveRecord::InternalMetadata Load (0.3ms)[0m  [1m[34mSELECT  "ar_internal_metadata".* FROM "ar_internal_metadata" WHERE "ar_internal_metadata"."key" = $1 LIMIT $2[0m  [["key", "environment"], ["LIMIT", 1]]
  ↳ /usr/local/bundle/ruby/2.6.0/bin/rake:23
  [1m[35m (0.3ms)[0m  [1m[35mBEGIN[0m
  ↳ /usr/local/bundle/ruby/2.6.0/bin/rake:23
  [1m[36mActiveRecord::InternalMetadata Update (0.4ms)[0m  [1m[33mUPDATE "ar_internal_metadata" SET "value" = $1, "updated_at" = $2 WHERE "ar_internal_metadata"."key" = $3[0m  [["value", "test"], ["updated_at", "2021-03-24 15:29:53.526630"], ["key", "environment"]]
  ↳ /usr/local/bundle/ruby/2.6.0/bin/rake:23
  [1m[35m (1.1ms)[0m  [1m[35mCOMMIT[0m
  ↳ /usr/local/bundle/ruby/2.6.0/bin/rake:23
  [1m[35m (0.6ms)[0m  [1m[34mSELECT "schema_migrations"."version" FROM "schema_migrations" ORDER BY "schema_migrations"."version" ASC[0m
  ↳ /usr/local/bundle/ruby/2.6.0/bin/rake:23
  [1m[35m (0.2ms)[0m  [1m[35mBEGIN[0m
  ↳ lib/tasks/order.rake:5
  [1m[36mOrder Create (0.6ms)[0m  [1m[32mINSERT INTO "orders" ("identifier", "total", "status") VALUES ($1, $2, $3) RETURNING "id"[0m  [["identifier", "O-001-00000001"], ["total", "100.0"], ["status", "paid"]]
  ↳ lib/tasks/order.rake:5
  [1m[35m (0.4ms)[0m  [1m[31mROLLBACK[0m
  ↳ lib/tasks/order.rake:5
  [1m[35m (0.2ms)[0m  [1m[35mBEGIN[0m
  ↳ lib/tasks/order.rake:5
  [1m[36mOrder Create (0.6ms)[0m  [1m[32mINSERT INTO "orders" ("identifier", "total", "status") VALUES ($1, $2, $3) RETURNING "id"[0m  [["identifier", "O-001-00000001"], ["total", "100.0"], ["status", "paid"]]
  ↳ lib/tasks/order.rake:5
  [1m[35m (0.3ms)[0m  [1m[31mROLLBACK[0m
  ↳ lib/tasks/order.rake:5
  [1m[35m (0.7ms)[0m  [1m[35mBEGIN[0m
  ↳ lib/tasks/order.rake:5
  [1m[36mOrder Create (0.5ms)[0m  [1m[32mINSERT INTO "orders" ("identifier", "total", "status") VALUES ($1, $2, $3) RETURNING "id"[0m  [["identifier", "O-001-00000001"], ["total", "100.0"], ["status", "paid"]]
  ↳ lib/tasks/order.rake:5
  [1m[35m (0.4ms)[0m  [1m[31mROLLBACK[0m
  ↳ lib/tasks/order.rake:5
  [1m[35m (0.2ms)[0m  [1m[35mBEGIN[0m
  ↳ lib/tasks/order.rake:5
  [1m[36mOrder Create (0.5ms)[0m  [1m[32mINSERT INTO "orders" ("identifier", "total", "status") VALUES ($1, $2, $3) RETURNING "id"[0m  [["identifier", "O-001-00000001"], ["total", "100.0"], ["status", "paid"]]
  ↳ lib/tasks/order.rake:5
  [1m[35m (0.4ms)[0m  [1m[31mROLLBACK[0m
  ↳ lib/tasks/order.rake:5
  [1m[35m (537.0ms)[0m  [1m[35mCREATE DATABASE "app_development" ENCODING = 'unicode'[0m
  ↳ /usr/local/bundle/ruby/2.6.0/bin/rake:23
  [1m[35m (136.3ms)[0m  [1m[35mCREATE DATABASE "app_test" ENCODING = 'unicode'[0m
  ↳ /usr/local/bundle/ruby/2.6.0/bin/rake:23
  [1m[35mSQL (0.4ms)[0m  [1m[35mCREATE EXTENSION IF NOT EXISTS "plpgsql"[0m
  ↳ db/schema.rb:16
  [1m[35m (0.3ms)[0m  [1m[35mDROP TABLE IF EXISTS "orders" CASCADE[0m
  ↳ db/schema.rb:18
  [1m[35m (15.1ms)[0m  [1m[35mCREATE TABLE "orders" ("id" bigserial primary key, "identifier" character varying, "total" decimal, "status" character varying)[0m
  ↳ db/schema.rb:18
  [1m[35m (11.5ms)[0m  [1m[35mCREATE TABLE "schema_migrations" ("version" character varying NOT NULL PRIMARY KEY)[0m
  ↳ db/schema.rb:13
  [1m[35m (0.7ms)[0m  [1m[34mSELECT "schema_migrations"."version" FROM "schema_migrations" ORDER BY "schema_migrations"."version" ASC[0m
  ↳ db/schema.rb:13
  [1m[35m (6.2ms)[0m  [1m[32mINSERT INTO "schema_migrations" (version) VALUES (20210323212655)[0m
  ↳ db/schema.rb:13
  [1m[35m (24.9ms)[0m  [1m[35mCREATE TABLE "ar_internal_metadata" ("key" character varying NOT NULL PRIMARY KEY, "value" character varying, "created_at" timestamp NOT NULL, "updated_at" timestamp NOT NULL)[0m
  ↳ db/schema.rb:13
  [1m[36mActiveRecord::InternalMetadata Load (0.4ms)[0m  [1m[34mSELECT  "ar_internal_metadata".* FROM "ar_internal_metadata" WHERE "ar_internal_metadata"."key" = $1 LIMIT $2[0m  [["key", "environment"], ["LIMIT", 1]]
  ↳ db/schema.rb:13
  [1m[35m (0.2ms)[0m  [1m[35mBEGIN[0m
  ↳ db/schema.rb:13
  [1m[36mActiveRecord::InternalMetadata Create (1.0ms)[0m  [1m[32mINSERT INTO "ar_internal_metadata" ("key", "value", "created_at", "updated_at") VALUES ($1, $2, $3, $4) RETURNING "key"[0m  [["key", "environment"], ["value", "development"], ["created_at", "2021-03-24 16:16:14.945861"], ["updated_at", "2021-03-24 16:16:14.945861"]]
  ↳ db/schema.rb:13
  [1m[35m (1.3ms)[0m  [1m[35mCOMMIT[0m
  ↳ db/schema.rb:13
  [1m[36mActiveRecord::InternalMetadata Load (0.3ms)[0m  [1m[34mSELECT  "ar_internal_metadata".* FROM "ar_internal_metadata" WHERE "ar_internal_metadata"."key" = $1 LIMIT $2[0m  [["key", "environment"], ["LIMIT", 1]]
  ↳ /usr/local/bundle/ruby/2.6.0/bin/rake:23
  [1m[35m (1.2ms)[0m  [1m[35mBEGIN[0m
  ↳ /usr/local/bundle/ruby/2.6.0/bin/rake:23
  [1m[35m (0.2ms)[0m  [1m[35mCOMMIT[0m
  ↳ /usr/local/bundle/ruby/2.6.0/bin/rake:23
  [1m[35mSQL (0.3ms)[0m  [1m[35mCREATE EXTENSION IF NOT EXISTS "plpgsql"[0m
  ↳ db/schema.rb:16
  [1m[35m (0.3ms)[0m  [1m[35mDROP TABLE IF EXISTS "orders" CASCADE[0m
  ↳ db/schema.rb:18
  [1m[35m (19.8ms)[0m  [1m[35mCREATE TABLE "orders" ("id" bigserial primary key, "identifier" character varying, "total" decimal, "status" character varying)[0m
  ↳ db/schema.rb:18
  [1m[35m (13.2ms)[0m  [1m[35mCREATE TABLE "schema_migrations" ("version" character varying NOT NULL PRIMARY KEY)[0m
  ↳ db/schema.rb:13
  [1m[35m (0.6ms)[0m  [1m[34mSELECT "schema_migrations"."version" FROM "schema_migrations" ORDER BY "schema_migrations"."version" ASC[0m
  ↳ db/schema.rb:13
  [1m[35m (1.4ms)[0m  [1m[32mINSERT INTO "schema_migrations" (version) VALUES (20210323212655)[0m
  ↳ db/schema.rb:13
  [1m[35m (8.0ms)[0m  [1m[35mCREATE TABLE "ar_internal_metadata" ("key" character varying NOT NULL PRIMARY KEY, "value" character varying, "created_at" timestamp NOT NULL, "updated_at" timestamp NOT NULL)[0m
  ↳ db/schema.rb:13
  [1m[36mActiveRecord::InternalMetadata Load (0.4ms)[0m  [1m[34mSELECT  "ar_internal_metadata".* FROM "ar_internal_metadata" WHERE "ar_internal_metadata"."key" = $1 LIMIT $2[0m  [["key", "environment"], ["LIMIT", 1]]
  ↳ db/schema.rb:13
  [1m[35m (0.3ms)[0m  [1m[35mBEGIN[0m
  ↳ db/schema.rb:13
  [1m[36mActiveRecord::InternalMetadata Create (0.7ms)[0m  [1m[32mINSERT INTO "ar_internal_metadata" ("key", "value", "created_at", "updated_at") VALUES ($1, $2, $3, $4) RETURNING "key"[0m  [["key", "environment"], ["value", "development"], ["created_at", "2021-03-24 16:16:15.041293"], ["updated_at", "2021-03-24 16:16:15.041293"]]
  ↳ db/schema.rb:13
  [1m[35m (1.2ms)[0m  [1m[35mCOMMIT[0m
  ↳ db/schema.rb:13
  [1m[36mActiveRecord::InternalMetadata Load (0.4ms)[0m  [1m[34mSELECT  "ar_internal_metadata".* FROM "ar_internal_metadata" WHERE "ar_internal_metadata"."key" = $1 LIMIT $2[0m  [["key", "environment"], ["LIMIT", 1]]
  ↳ /usr/local/bundle/ruby/2.6.0/bin/rake:23
  [1m[35m (0.3ms)[0m  [1m[35mBEGIN[0m
  ↳ /usr/local/bundle/ruby/2.6.0/bin/rake:23
  [1m[36mActiveRecord::InternalMetadata Update (0.4ms)[0m  [1m[33mUPDATE "ar_internal_metadata" SET "value" = $1, "updated_at" = $2 WHERE "ar_internal_metadata"."key" = $3[0m  [["value", "test"], ["updated_at", "2021-03-24 16:16:15.048225"], ["key", "environment"]]
  ↳ /usr/local/bundle/ruby/2.6.0/bin/rake:23
  [1m[35m (1.2ms)[0m  [1m[35mCOMMIT[0m
  ↳ /usr/local/bundle/ruby/2.6.0/bin/rake:23
  [1m[35m (0.5ms)[0m  [1m[34mSELECT "schema_migrations"."version" FROM "schema_migrations" ORDER BY "schema_migrations"."version" ASC[0m
  ↳ /usr/local/bundle/ruby/2.6.0/bin/rake:23
  [1m[35m (0.2ms)[0m  [1m[35mBEGIN[0m
  ↳ lib/tasks/order.rake:5
  [1m[36mOrder Create (1.3ms)[0m  [1m[32mINSERT INTO "orders" ("identifier", "total", "status") VALUES ($1, $2, $3) RETURNING "id"[0m  [["identifier", "O-001-00000001"], ["total", "100.0"], ["status", "paid"]]
  ↳ lib/tasks/order.rake:5
  [1m[35m (0.9ms)[0m  [1m[31mROLLBACK[0m
  ↳ lib/tasks/order.rake:5
  [1m[35m (1.8ms)[0m  [1m[35mBEGIN[0m
  ↳ lib/tasks/order.rake:5
  [1m[36mOrder Create (0.6ms)[0m  [1m[32mINSERT INTO "orders" ("identifier", "total", "status") VALUES ($1, $2, $3) RETURNING "id"[0m  [["identifier", "O-001-00000001"], ["total", "100.0"], ["status", "paid"]]
  ↳ lib/tasks/order.rake:5
  [1m[35m (0.6ms)[0m  [1m[31mROLLBACK[0m
  ↳ lib/tasks/order.rake:5
  [1m[35m (0.2ms)[0m  [1m[35mBEGIN[0m
  ↳ lib/tasks/order.rake:5
  [1m[36mOrder Create (0.7ms)[0m  [1m[32mINSERT INTO "orders" ("identifier", "total", "status") VALUES ($1, $2, $3) RETURNING "id"[0m  [["identifier", "O-001-00000001"], ["total", "100.0"], ["status", "paid"]]
  ↳ lib/tasks/order.rake:5
  [1m[35m (0.3ms)[0m  [1m[31mROLLBACK[0m
  ↳ lib/tasks/order.rake:5
  [1m[35m (110.1ms)[0m  [1m[35mCREATE DATABASE "app_development" ENCODING = 'unicode'[0m
  ↳ /usr/local/bundle/ruby/2.6.0/bin/rake:23
  [1m[35m (106.4ms)[0m  [1m[35mCREATE DATABASE "app_test" ENCODING = 'unicode'[0m
  ↳ /usr/local/bundle/ruby/2.6.0/bin/rake:23
  [1m[35mSQL (0.3ms)[0m  [1m[35mCREATE EXTENSION IF NOT EXISTS "plpgsql"[0m
  ↳ db/schema.rb:16
  [1m[35m (0.2ms)[0m  [1m[35mDROP TABLE IF EXISTS "orders" CASCADE[0m
  ↳ db/schema.rb:18
  [1m[35m (21.8ms)[0m  [1m[35mCREATE TABLE "orders" ("id" bigserial primary key, "identifier" character varying, "total" decimal, "status" character varying)[0m
  ↳ db/schema.rb:18
  [1m[35m (19.9ms)[0m  [1m[35mCREATE TABLE "schema_migrations" ("version" character varying NOT NULL PRIMARY KEY)[0m
  ↳ db/schema.rb:13
  [1m[35m (0.6ms)[0m  [1m[34mSELECT "schema_migrations"."version" FROM "schema_migrations" ORDER BY "schema_migrations"."version" ASC[0m
  ↳ db/schema.rb:13
  [1m[35m (15.6ms)[0m  [1m[32mINSERT INTO "schema_migrations" (version) VALUES (20210323212655)[0m
  ↳ db/schema.rb:13
  [1m[35m (13.5ms)[0m  [1m[35mCREATE TABLE "ar_internal_metadata" ("key" character varying NOT NULL PRIMARY KEY, "value" character varying, "created_at" timestamp NOT NULL, "updated_at" timestamp NOT NULL)[0m
  ↳ db/schema.rb:13
  [1m[36mActiveRecord::InternalMetadata Load (1.1ms)[0m  [1m[34mSELECT  "ar_internal_metadata".* FROM "ar_internal_metadata" WHERE "ar_internal_metadata"."key" = $1 LIMIT $2[0m  [["key", "environment"], ["LIMIT", 1]]
  ↳ db/schema.rb:13
  [1m[35m (0.4ms)[0m  [1m[35mBEGIN[0m
  ↳ db/schema.rb:13
  [1m[36mActiveRecord::InternalMetadata Create (3.7ms)[0m  [1m[32mINSERT INTO "ar_internal_metadata" ("key", "value", "created_at", "updated_at") VALUES ($1, $2, $3, $4) RETURNING "key"[0m  [["key", "environment"], ["value", "development"], ["created_at", "2021-03-24 16:43:23.316762"], ["updated_at", "2021-03-24 16:43:23.316762"]]
  ↳ db/schema.rb:13
  [1m[35m (14.2ms)[0m  [1m[35mCOMMIT[0m
  ↳ db/schema.rb:13
  [1m[36mActiveRecord::InternalMetadata Load (0.7ms)[0m  [1m[34mSELECT  "ar_internal_metadata".* FROM "ar_internal_metadata" WHERE "ar_internal_metadata"."key" = $1 LIMIT $2[0m  [["key", "environment"], ["LIMIT", 1]]
  ↳ /usr/local/bundle/ruby/2.6.0/bin/rake:23
  [1m[35m (3.1ms)[0m  [1m[35mBEGIN[0m
  ↳ /usr/local/bundle/ruby/2.6.0/bin/rake:23
  [1m[35m (0.7ms)[0m  [1m[35mCOMMIT[0m
  ↳ /usr/local/bundle/ruby/2.6.0/bin/rake:23
  [1m[35mSQL (0.6ms)[0m  [1m[35mCREATE EXTENSION IF NOT EXISTS "plpgsql"[0m
  ↳ db/schema.rb:16
  [1m[35m (0.5ms)[0m  [1m[35mDROP TABLE IF EXISTS "orders" CASCADE[0m
  ↳ db/schema.rb:18
  [1m[35m (20.1ms)[0m  [1m[35mCREATE TABLE "orders" ("id" bigserial primary key, "identifier" character varying, "total" decimal, "status" character varying)[0m
  ↳ db/schema.rb:18
  [1m[35m (9.1ms)[0m  [1m[35mCREATE TABLE "schema_migrations" ("version" character varying NOT NULL PRIMARY KEY)[0m
  ↳ db/schema.rb:13
  [1m[35m (0.8ms)[0m  [1m[34mSELECT "schema_migrations"."version" FROM "schema_migrations" ORDER BY "schema_migrations"."version" ASC[0m
  ↳ db/schema.rb:13
  [1m[35m (1.3ms)[0m  [1m[32mINSERT INTO "schema_migrations" (version) VALUES (20210323212655)[0m
  ↳ db/schema.rb:13
  [1m[35m (8.6ms)[0m  [1m[35mCREATE TABLE "ar_internal_metadata" ("key" character varying NOT NULL PRIMARY KEY, "value" character varying, "created_at" timestamp NOT NULL, "updated_at" timestamp NOT NULL)[0m
  ↳ db/schema.rb:13
  [1m[36mActiveRecord::InternalMetadata Load (0.3ms)[0m  [1m[34mSELECT  "ar_internal_metadata".* FROM "ar_internal_metadata" WHERE "ar_internal_metadata"."key" = $1 LIMIT $2[0m  [["key", "environment"], ["LIMIT", 1]]
  ↳ db/schema.rb:13
  [1m[35m (0.3ms)[0m  [1m[35mBEGIN[0m
  ↳ db/schema.rb:13
  [1m[36mActiveRecord::InternalMetadata Create (0.6ms)[0m  [1m[32mINSERT INTO "ar_internal_metadata" ("key", "value", "created_at", "updated_at") VALUES ($1, $2, $3, $4) RETURNING "key"[0m  [["key", "environment"], ["value", "development"], ["created_at", "2021-03-24 16:43:23.464980"], ["updated_at", "2021-03-24 16:43:23.464980"]]
  ↳ db/schema.rb:13
  [1m[35m (0.9ms)[0m  [1m[35mCOMMIT[0m
  ↳ db/schema.rb:13
  [1m[36mActiveRecord::InternalMetadata Load (0.2ms)[0m  [1m[34mSELECT  "ar_internal_metadata".* FROM "ar_internal_metadata" WHERE "ar_internal_metadata"."key" = $1 LIMIT $2[0m  [["key", "environment"], ["LIMIT", 1]]
  ↳ /usr/local/bundle/ruby/2.6.0/bin/rake:23
  [1m[35m (0.3ms)[0m  [1m[35mBEGIN[0m
  ↳ /usr/local/bundle/ruby/2.6.0/bin/rake:23
  [1m[36mActiveRecord::InternalMetadata Update (0.3ms)[0m  [1m[33mUPDATE "ar_internal_metadata" SET "value" = $1, "updated_at" = $2 WHERE "ar_internal_metadata"."key" = $3[0m  [["value", "test"], ["updated_at", "2021-03-24 16:43:23.469814"], ["key", "environment"]]
  ↳ /usr/local/bundle/ruby/2.6.0/bin/rake:23
  [1m[35m (1.0ms)[0m  [1m[35mCOMMIT[0m
  ↳ /usr/local/bundle/ruby/2.6.0/bin/rake:23
  [1m[35m (0.8ms)[0m  [1m[34mSELECT "schema_migrations"."version" FROM "schema_migrations" ORDER BY "schema_migrations"."version" ASC[0m
  ↳ /usr/local/bundle/ruby/2.6.0/bin/rake:23
  [1m[35m (0.3ms)[0m  [1m[35mBEGIN[0m
  ↳ lib/tasks/order.rake:5
  [1m[36mOrder Create (4.9ms)[0m  [1m[32mINSERT INTO "orders" ("identifier", "total", "status") VALUES ($1, $2, $3) RETURNING "id"[0m  [["identifier", "O-001-00000001"], ["total", "100.0"], ["status", "paid"]]
  ↳ lib/tasks/order.rake:5
  [1m[35m (0.4ms)[0m  [1m[31mROLLBACK[0m
  ↳ lib/tasks/order.rake:5
  [1m[35m (0.2ms)[0m  [1m[35mBEGIN[0m
  ↳ lib/tasks/order.rake:5
  [1m[36mOrder Create (0.7ms)[0m  [1m[32mINSERT INTO "orders" ("identifier", "total", "status") VALUES ($1, $2, $3) RETURNING "id"[0m  [["identifier", "O-001-00000001"], ["total", "100.0"], ["status", "paid"]]
  ↳ lib/tasks/order.rake:5
  [1m[35m (1.1ms)[0m  [1m[35mCOMMIT[0m
  ↳ lib/tasks/order.rake:5
  [1m[35m (0.2ms)[0m  [1m[35mBEGIN[0m
  ↳ lib/tasks/order.rake:5
  [1m[36mOrder Create (0.7ms)[0m  [1m[32mINSERT INTO "orders" ("identifier", "total", "status") VALUES ($1, $2, $3) RETURNING "id"[0m  [["identifier", "O-001-00000001"], ["total", "100.0"], ["status", "paid"]]
  ↳ lib/tasks/order.rake:5
  [1m[35m (1.4ms)[0m  [1m[35mCOMMIT[0m
  ↳ lib/tasks/order.rake:5
  [1m[35m (143.5ms)[0m  [1m[35mCREATE DATABASE "app_development" ENCODING = 'unicode'[0m
  ↳ /usr/local/bundle/ruby/2.6.0/bin/rake:23
  [1m[35m (118.8ms)[0m  [1m[35mCREATE DATABASE "app_test" ENCODING = 'unicode'[0m
  ↳ /usr/local/bundle/ruby/2.6.0/bin/rake:23
  [1m[35mSQL (0.4ms)[0m  [1m[35mCREATE EXTENSION IF NOT EXISTS "plpgsql"[0m
  ↳ db/schema.rb:16
  [1m[35m (0.2ms)[0m  [1m[35mDROP TABLE IF EXISTS "orders" CASCADE[0m
  ↳ db/schema.rb:18
  [1m[35m (28.0ms)[0m  [1m[35mCREATE TABLE "orders" ("id" bigserial primary key, "identifier" character varying, "total" decimal, "status" character varying)[0m
  ↳ db/schema.rb:18
  [1m[35m (7.1ms)[0m  [1m[35mCREATE TABLE "schema_migrations" ("version" character varying NOT NULL PRIMARY KEY)[0m
  ↳ db/schema.rb:13
  [1m[35m (0.5ms)[0m  [1m[34mSELECT "schema_migrations"."version" FROM "schema_migrations" ORDER BY "schema_migrations"."version" ASC[0m
  ↳ db/schema.rb:13
  [1m[35m (9.2ms)[0m  [1m[32mINSERT INTO "schema_migrations" (version) VALUES (20210323212655)[0m
  ↳ db/schema.rb:13
  [1m[35m (18.5ms)[0m  [1m[35mCREATE TABLE "ar_internal_metadata" ("key" character varying NOT NULL PRIMARY KEY, "value" character varying, "created_at" timestamp NOT NULL, "updated_at" timestamp NOT NULL)[0m
  ↳ db/schema.rb:13
  [1m[36mActiveRecord::InternalMetadata Load (0.4ms)[0m  [1m[34mSELECT  "ar_internal_metadata".* FROM "ar_internal_metadata" WHERE "ar_internal_metadata"."key" = $1 LIMIT $2[0m  [["key", "environment"], ["LIMIT", 1]]
  ↳ db/schema.rb:13
  [1m[35m (0.2ms)[0m  [1m[35mBEGIN[0m
  ↳ db/schema.rb:13
  [1m[36mActiveRecord::InternalMetadata Create (1.0ms)[0m  [1m[32mINSERT INTO "ar_internal_metadata" ("key", "value", "created_at", "updated_at") VALUES ($1, $2, $3, $4) RETURNING "key"[0m  [["key", "environment"], ["value", "development"], ["created_at", "2021-03-24 16:53:12.509873"], ["updated_at", "2021-03-24 16:53:12.509873"]]
  ↳ db/schema.rb:13
  [1m[35m (4.2ms)[0m  [1m[35mCOMMIT[0m
  ↳ db/schema.rb:13
  [1m[36mActiveRecord::InternalMetadata Load (0.3ms)[0m  [1m[34mSELECT  "ar_internal_metadata".* FROM "ar_internal_metadata" WHERE "ar_internal_metadata"."key" = $1 LIMIT $2[0m  [["key", "environment"], ["LIMIT", 1]]
  ↳ /usr/local/bundle/ruby/2.6.0/bin/rake:23
  [1m[35m (1.0ms)[0m  [1m[35mBEGIN[0m
  ↳ /usr/local/bundle/ruby/2.6.0/bin/rake:23
  [1m[35m (0.3ms)[0m  [1m[35mCOMMIT[0m
  ↳ /usr/local/bundle/ruby/2.6.0/bin/rake:23
  [1m[35mSQL (0.6ms)[0m  [1m[35mCREATE EXTENSION IF NOT EXISTS "plpgsql"[0m
  ↳ db/schema.rb:16
  [1m[35m (0.3ms)[0m  [1m[35mDROP TABLE IF EXISTS "orders" CASCADE[0m
  ↳ db/schema.rb:18
  [1m[35m (22.0ms)[0m  [1m[35mCREATE TABLE "orders" ("id" bigserial primary key, "identifier" character varying, "total" decimal, "status" character varying)[0m
  ↳ db/schema.rb:18
  [1m[35m (7.5ms)[0m  [1m[35mCREATE TABLE "schema_migrations" ("version" character varying NOT NULL PRIMARY KEY)[0m
  ↳ db/schema.rb:13
  [1m[35m (0.6ms)[0m  [1m[34mSELECT "schema_migrations"."version" FROM "schema_migrations" ORDER BY "schema_migrations"."version" ASC[0m
  ↳ db/schema.rb:13
  [1m[35m (1.2ms)[0m  [1m[32mINSERT INTO "schema_migrations" (version) VALUES (20210323212655)[0m
  ↳ db/schema.rb:13
  [1m[35m (7.4ms)[0m  [1m[35mCREATE TABLE "ar_internal_metadata" ("key" character varying NOT NULL PRIMARY KEY, "value" character varying, "created_at" timestamp NOT NULL, "updated_at" timestamp NOT NULL)[0m
  ↳ db/schema.rb:13
  [1m[36mActiveRecord::InternalMetadata Load (0.6ms)[0m  [1m[34mSELECT  "ar_internal_metadata".* FROM "ar_internal_metadata" WHERE "ar_internal_metadata"."key" = $1 LIMIT $2[0m  [["key", "environment"], ["LIMIT", 1]]
  ↳ db/schema.rb:13
  [1m[35m (0.4ms)[0m  [1m[35mBEGIN[0m
  ↳ db/schema.rb:13
  [1m[36mActiveRecord::InternalMetadata Create (0.9ms)[0m  [1m[32mINSERT INTO "ar_internal_metadata" ("key", "value", "created_at", "updated_at") VALUES ($1, $2, $3, $4) RETURNING "key"[0m  [["key", "environment"], ["value", "development"], ["created_at", "2021-03-24 16:53:12.595011"], ["updated_at", "2021-03-24 16:53:12.595011"]]
  ↳ db/schema.rb:13
  [1m[35m (1.0ms)[0m  [1m[35mCOMMIT[0m
  ↳ db/schema.rb:13
  [1m[36mActiveRecord::InternalMetadata Load (0.3ms)[0m  [1m[34mSELECT  "ar_internal_metadata".* FROM "ar_internal_metadata" WHERE "ar_internal_metadata"."key" = $1 LIMIT $2[0m  [["key", "environment"], ["LIMIT", 1]]
  ↳ /usr/local/bundle/ruby/2.6.0/bin/rake:23
  [1m[35m (0.4ms)[0m  [1m[35mBEGIN[0m
  ↳ /usr/local/bundle/ruby/2.6.0/bin/rake:23
  [1m[36mActiveRecord::InternalMetadata Update (0.6ms)[0m  [1m[33mUPDATE "ar_internal_metadata" SET "value" = $1, "updated_at" = $2 WHERE "ar_internal_metadata"."key" = $3[0m  [["value", "test"], ["updated_at", "2021-03-24 16:53:12.601165"], ["key", "environment"]]
  ↳ /usr/local/bundle/ruby/2.6.0/bin/rake:23
  [1m[35m (1.1ms)[0m  [1m[35mCOMMIT[0m
  ↳ /usr/local/bundle/ruby/2.6.0/bin/rake:23
  [1m[35m (1.2ms)[0m  [1m[34mSELECT "schema_migrations"."version" FROM "schema_migrations" ORDER BY "schema_migrations"."version" ASC[0m
  ↳ /usr/local/bundle/ruby/2.6.0/bin/rake:23
  [1m[35m (0.2ms)[0m  [1m[35mBEGIN[0m
  ↳ lib/tasks/order.rake:5
  [1m[36mOrder Create (0.8ms)[0m  [1m[32mINSERT INTO "orders" ("identifier", "total", "status") VALUES ($1, $2, $3) RETURNING "id"[0m  [["identifier", "O-001-00000001"], ["total", "100.0"], ["status", "paid"]]
  ↳ lib/tasks/order.rake:5
  [1m[35m (1.6ms)[0m  [1m[35mCOMMIT[0m
  ↳ lib/tasks/order.rake:5
  [1m[35m (0.3ms)[0m  [1m[35mBEGIN[0m
  ↳ lib/tasks/order.rake:5
  [1m[36mOrder Create (3.1ms)[0m  [1m[32mINSERT INTO "orders" ("identifier", "total", "status") VALUES ($1, $2, $3) RETURNING "id"[0m  [["identifier", "O-001-00000001"], ["total", "100.0"], ["status", "paid"]]
  ↳ lib/tasks/order.rake:5
  [1m[35m (0.3ms)[0m  [1m[31mROLLBACK[0m
  ↳ lib/tasks/order.rake:5
  [1m[35m (0.3ms)[0m  [1m[35mBEGIN[0m
  ↳ lib/tasks/order.rake:5
  [1m[36mOrder Create (0.7ms)[0m  [1m[32mINSERT INTO "orders" ("identifier", "total", "status") VALUES ($1, $2, $3) RETURNING "id"[0m  [["identifier", "O-001-00000001"], ["total", "100.0"], ["status", "paid"]]
  ↳ lib/tasks/order.rake:5
  [1m[35m (1.5ms)[0m  [1m[31mROLLBACK[0m
  ↳ lib/tasks/order.rake:5
  [1m[35m (0.2ms)[0m  [1m[35mBEGIN[0m
  ↳ lib/tasks/order.rake:5
  [1m[36mOrder Create (0.5ms)[0m  [1m[32mINSERT INTO "orders" ("identifier", "total", "status") VALUES ($1, $2, $3) RETURNING "id"[0m  [["identifier", "O-001-00000001"], ["total", "100.0"], ["status", "paid"]]
  ↳ lib/tasks/order.rake:5
  [1m[35m (3.5ms)[0m  [1m[31mROLLBACK[0m
  ↳ lib/tasks/order.rake:5
  [1m[35m (0.2ms)[0m  [1m[35mBEGIN[0m
  ↳ lib/tasks/order.rake:5
  [1m[36mOrder Create (0.6ms)[0m  [1m[32mINSERT INTO "orders" ("identifier", "total", "status") VALUES ($1, $2, $3) RETURNING "id"[0m  [["identifier", "O-001-00000001"], ["total", "100.0"], ["status", "paid"]]
  ↳ lib/tasks/order.rake:5
  [1m[35m (1.2ms)[0m  [1m[31mROLLBACK[0m
  ↳ lib/tasks/order.rake:5
  [1m[35m (0.3ms)[0m  [1m[35mBEGIN[0m
  ↳ lib/tasks/order.rake:5
  [1m[36mOrder Create (0.8ms)[0m  [1m[32mINSERT INTO "orders" ("identifier", "total", "status") VALUES ($1, $2, $3) RETURNING "id"[0m  [["identifier", "O-001-00000001"], ["total", "100.0"], ["status", "paid"]]
  ↳ lib/tasks/order.rake:5
  [1m[35m (0.7ms)[0m  [1m[31mROLLBACK[0m
  ↳ lib/tasks/order.rake:5
  [1m[35m (5.3ms)[0m  [1m[35mBEGIN[0m
  ↳ lib/tasks/order.rake:5
  [1m[36mOrder Create (0.8ms)[0m  [1m[32mINSERT INTO "orders" ("identifier", "total", "status") VALUES ($1, $2, $3) RETURNING "id"[0m  [["identifier", "O-001-00000001"], ["total", "100.0"], ["status", "paid"]]
  ↳ lib/tasks/order.rake:5
  [1m[35m (0.4ms)[0m  [1m[31mROLLBACK[0m
  ↳ lib/tasks/order.rake:5
  [1m[35m (0.3ms)[0m  [1m[35mBEGIN[0m
  ↳ lib/tasks/order.rake:5
  [1m[36mOrder Create (0.7ms)[0m  [1m[32mINSERT INTO "orders" ("identifier", "total", "status") VALUES ($1, $2, $3) RETURNING "id"[0m  [["identifier", "O-001-00000001"], ["total", "100.0"], ["status", "paid"]]
  ↳ lib/tasks/order.rake:5
  [1m[35m (1.2ms)[0m  [1m[31mROLLBACK[0m
  ↳ lib/tasks/order.rake:5
  [1m[35m (0.3ms)[0m  [1m[35mBEGIN[0m
  ↳ lib/tasks/order.rake:5
  [1m[36mOrder Create (0.6ms)[0m  [1m[32mINSERT INTO "orders" ("identifier", "total", "status") VALUES ($1, $2, $3) RETURNING "id"[0m  [["identifier", "O-001-00000001"], ["total", "100.0"], ["status", "paid"]]
  ↳ lib/tasks/order.rake:5
  [1m[35m (1.3ms)[0m  [1m[31mROLLBACK[0m
  ↳ lib/tasks/order.rake:5
  [1m[35m (132.4ms)[0m  [1m[35mCREATE DATABASE "app_development" ENCODING = 'unicode'[0m
  ↳ /usr/local/bundle/ruby/2.6.0/bin/rake:23
  [1m[35m (126.4ms)[0m  [1m[35mCREATE DATABASE "app_test" ENCODING = 'unicode'[0m
  ↳ /usr/local/bundle/ruby/2.6.0/bin/rake:23
  [1m[35mSQL (0.3ms)[0m  [1m[35mCREATE EXTENSION IF NOT EXISTS "plpgsql"[0m
  ↳ db/schema.rb:16
  [1m[35m (0.3ms)[0m  [1m[35mDROP TABLE IF EXISTS "orders" CASCADE[0m
  ↳ db/schema.rb:18
  [1m[35m (19.6ms)[0m  [1m[35mCREATE TABLE "orders" ("id" bigserial primary key, "identifier" character varying, "total" decimal, "status" character varying)[0m
  ↳ db/schema.rb:18
  [1m[35m (7.9ms)[0m  [1m[35mCREATE TABLE "schema_migrations" ("version" character varying NOT NULL PRIMARY KEY)[0m
  ↳ db/schema.rb:13
  [1m[35m (1.8ms)[0m  [1m[34mSELECT "schema_migrations"."version" FROM "schema_migrations" ORDER BY "schema_migrations"."version" ASC[0m
  ↳ db/schema.rb:13
  [1m[35m (1.8ms)[0m  [1m[32mINSERT INTO "schema_migrations" (version) VALUES (20210323212655)[0m
  ↳ db/schema.rb:13
  [1m[35m (12.0ms)[0m  [1m[35mCREATE TABLE "ar_internal_metadata" ("key" character varying NOT NULL PRIMARY KEY, "value" character varying, "created_at" timestamp NOT NULL, "updated_at" timestamp NOT NULL)[0m
  ↳ db/schema.rb:13
  [1m[36mActiveRecord::InternalMetadata Load (0.4ms)[0m  [1m[34mSELECT  "ar_internal_metadata".* FROM "ar_internal_metadata" WHERE "ar_internal_metadata"."key" = $1 LIMIT $2[0m  [["key", "environment"], ["LIMIT", 1]]
  ↳ db/schema.rb:13
  [1m[35m (0.2ms)[0m  [1m[35mBEGIN[0m
  ↳ db/schema.rb:13
  [1m[36mActiveRecord::InternalMetadata Create (0.7ms)[0m  [1m[32mINSERT INTO "ar_internal_metadata" ("key", "value", "created_at", "updated_at") VALUES ($1, $2, $3, $4) RETURNING "key"[0m  [["key", "environment"], ["value", "development"], ["created_at", "2021-03-24 17:02:15.440460"], ["updated_at", "2021-03-24 17:02:15.440460"]]
  ↳ db/schema.rb:13
  [1m[35m (1.9ms)[0m  [1m[35mCOMMIT[0m
  ↳ db/schema.rb:13
  [1m[36mActiveRecord::InternalMetadata Load (0.3ms)[0m  [1m[34mSELECT  "ar_internal_metadata".* FROM "ar_internal_metadata" WHERE "ar_internal_metadata"."key" = $1 LIMIT $2[0m  [["key", "environment"], ["LIMIT", 1]]
  ↳ /usr/local/bundle/ruby/2.6.0/bin/rake:23
  [1m[35m (1.4ms)[0m  [1m[35mBEGIN[0m
  ↳ /usr/local/bundle/ruby/2.6.0/bin/rake:23
  [1m[35m (0.3ms)[0m  [1m[35mCOMMIT[0m
  ↳ /usr/local/bundle/ruby/2.6.0/bin/rake:23
  [1m[35mSQL (0.3ms)[0m  [1m[35mCREATE EXTENSION IF NOT EXISTS "plpgsql"[0m
  ↳ db/schema.rb:16
  [1m[35m (0.3ms)[0m  [1m[35mDROP TABLE IF EXISTS "orders" CASCADE[0m
  ↳ db/schema.rb:18
  [1m[35m (21.5ms)[0m  [1m[35mCREATE TABLE "orders" ("id" bigserial primary key, "identifier" character varying, "total" decimal, "status" character varying)[0m
  ↳ db/schema.rb:18
  [1m[35m (16.7ms)[0m  [1m[35mCREATE TABLE "schema_migrations" ("version" character varying NOT NULL PRIMARY KEY)[0m
  ↳ db/schema.rb:13
  [1m[35m (1.8ms)[0m  [1m[34mSELECT "schema_migrations"."version" FROM "schema_migrations" ORDER BY "schema_migrations"."version" ASC[0m
  ↳ db/schema.rb:13
  [1m[35m (1.2ms)[0m  [1m[32mINSERT INTO "schema_migrations" (version) VALUES (20210323212655)[0m
  ↳ db/schema.rb:13
  [1m[35m (11.6ms)[0m  [1m[35mCREATE TABLE "ar_internal_metadata" ("key" character varying NOT NULL PRIMARY KEY, "value" character varying, "created_at" timestamp NOT NULL, "updated_at" timestamp NOT NULL)[0m
  ↳ db/schema.rb:13
  [1m[36mActiveRecord::InternalMetadata Load (0.3ms)[0m  [1m[34mSELECT  "ar_internal_metadata".* FROM "ar_internal_metadata" WHERE "ar_internal_metadata"."key" = $1 LIMIT $2[0m  [["key", "environment"], ["LIMIT", 1]]
  ↳ db/schema.rb:13
  [1m[35m (0.3ms)[0m  [1m[35mBEGIN[0m
  ↳ db/schema.rb:13
  [1m[36mActiveRecord::InternalMetadata Create (1.0ms)[0m  [1m[32mINSERT INTO "ar_internal_metadata" ("key", "value", "created_at", "updated_at") VALUES ($1, $2, $3, $4) RETURNING "key"[0m  [["key", "environment"], ["value", "development"], ["created_at", "2021-03-24 17:02:15.534270"], ["updated_at", "2021-03-24 17:02:15.534270"]]
  ↳ db/schema.rb:13
  [1m[35m (1.2ms)[0m  [1m[35mCOMMIT[0m
  ↳ db/schema.rb:13
  [1m[36mActiveRecord::InternalMetadata Load (0.3ms)[0m  [1m[34mSELECT  "ar_internal_metadata".* FROM "ar_internal_metadata" WHERE "ar_internal_metadata"."key" = $1 LIMIT $2[0m  [["key", "environment"], ["LIMIT", 1]]
  ↳ /usr/local/bundle/ruby/2.6.0/bin/rake:23
  [1m[35m (0.5ms)[0m  [1m[35mBEGIN[0m
  ↳ /usr/local/bundle/ruby/2.6.0/bin/rake:23
  [1m[36mActiveRecord::InternalMetadata Update (0.4ms)[0m  [1m[33mUPDATE "ar_internal_metadata" SET "value" = $1, "updated_at" = $2 WHERE "ar_internal_metadata"."key" = $3[0m  [["value", "test"], ["updated_at", "2021-03-24 17:02:15.540753"], ["key", "environment"]]
  ↳ /usr/local/bundle/ruby/2.6.0/bin/rake:23
  [1m[35m (0.9ms)[0m  [1m[35mCOMMIT[0m
  ↳ /usr/local/bundle/ruby/2.6.0/bin/rake:23
  [1m[35m (0.6ms)[0m  [1m[34mSELECT "schema_migrations"."version" FROM "schema_migrations" ORDER BY "schema_migrations"."version" ASC[0m
  ↳ /usr/local/bundle/ruby/2.6.0/bin/rake:23
  [1m[35m (0.2ms)[0m  [1m[35mBEGIN[0m
  ↳ lib/tasks/order.rake:5
  [1m[36mOrder Create (0.6ms)[0m  [1m[32mINSERT INTO "orders" ("identifier", "total", "status") VALUES ($1, $2, $3) RETURNING "id"[0m  [["identifier", "O-001-00000001"], ["total", "100.0"], ["status", "paid"]]
  ↳ lib/tasks/order.rake:5
  [1m[35m (4.4ms)[0m  [1m[35mCOMMIT[0m
  ↳ lib/tasks/order.rake:5
  [1m[35m (0.3ms)[0m  [1m[35mBEGIN[0m
  ↳ lib/tasks/order.rake:5
  [1m[36mOrder Create (1.0ms)[0m  [1m[32mINSERT INTO "orders" ("identifier", "total", "status") VALUES ($1, $2, $3) RETURNING "id"[0m  [["identifier", "O-001-00000001"], ["total", "100.0"], ["status", "paid"]]
  ↳ lib/tasks/order.rake:5
  [1m[35m (1.1ms)[0m  [1m[35mCOMMIT[0m
  ↳ lib/tasks/order.rake:5
